#-----------------------------------------------------------
# Vivado v2019.1.1 (64-bit)
# SW Build 2580384 on Sat Jun 29 08:04:45 MDT 2019
# IP Build 2579722 on Sat Jun 29 11:35:40 MDT 2019
# Start of session at: Wed Aug  5 14:06:38 2020
# Process ID: 21848
# Current directory: /home/seba/Workspace/projects/ten_gbe_kintex
# Command line: vivado
# Log file: /home/seba/Workspace/projects/ten_gbe_kintex/vivado.log
# Journal file: /home/seba/Workspace/projects/ten_gbe_kintex/vivado.jou
#-----------------------------------------------------------
start_gui
open_project /home/seba/Workspace/projects/ten_gbe_kintex/kintex_tge/kintex_tge.xpr
Scanning sources...
Finished scanning sources
INFO: [IP_Flow 19-234] Refreshing IP repositories
INFO: [IP_Flow 19-1700] Loaded user IP repository '/home/seba/Workspace/vivado/zynq/cores'.
INFO: [IP_Flow 19-1700] Loaded user IP repository '/home/seba/Workspace/projects/ten_gbe_kintex/lib/axis/rtl'.
INFO: [IP_Flow 19-1700] Loaded user IP repository '/home/seba/Workspace/projects/ten_gbe_kintex/rtl'.
INFO: [IP_Flow 19-1700] Loaded user IP repository '/home/seba/Workspace/projects/ten_gbe_kintex/lib/axis/syn'.
INFO: [IP_Flow 19-2313] Loaded Vivado IP repository '/tools/Xilinx/Vivado/2019.1/data/ip'.
update_compile_order -fileset sources_1
close [ open /home/seba/Workspace/projects/ten_gbe_kintex/kintex_tge/kintex_tge.srcs/sources_1/new/head.v w ]
add_files /home/seba/Workspace/projects/ten_gbe_kintex/kintex_tge/kintex_tge.srcs/sources_1/new/head.v
update_compile_order -fileset sources_1
set_property top head [current_fileset]
update_compile_order -fileset sources_1
open_bd_design {/home/seba/Workspace/projects/ten_gbe_kintex/kintex_tge/kintex_tge.srcs/sources_1/bd/design_1/design_1.bd}
Successfully read diagram <design_1> from BD file </home/seba/Workspace/projects/ten_gbe_kintex/kintex_tge/kintex_tge.srcs/sources_1/bd/design_1/design_1.bd>
open_bd_design: Time (s): cpu = 00:00:12 ; elapsed = 00:00:05 . Memory (MB): peak = 6720.562 ; gain = 79.434 ; free physical = 1576 ; free virtual = 7061
startgroup
create_bd_cell -type ip -vlnv xilinx.com:ip:blk_mem_gen:8.4 blk_mem_gen_0
endgroup
WARNING: [IP_Flow 19-4067] Ignoring invalid widget type specified checkbox.Providing a default widget
WARNING: [IP_Flow 19-4067] Ignoring invalid widget type specified checkbox.Providing a default widget
delete_bd_objs [get_bd_cells blk_mem_gen_0]
export_ip_user_files -of_objects  [get_files /home/seba/Workspace/projects/ten_gbe_kintex/kintex_tge/kintex_tge.srcs/sources_1/new/head.v] -no_script -reset -force -quiet
remove_files  /home/seba/Workspace/projects/ten_gbe_kintex/kintex_tge/kintex_tge.srcs/sources_1/new/head.v
file delete -force /home/seba/Workspace/projects/ten_gbe_kintex/kintex_tge/kintex_tge.srcs/sources_1/new/head.v
update_compile_order -fileset sources_1
export_ip_user_files -of_objects  [get_files /home/seba/Workspace/projects/ten_gbe_kintex/kintex_tge/kintex_tge.srcs/sources_1/bd/design_1/design_1.bd] -no_script -reset -force -quiet
remove_files  /home/seba/Workspace/projects/ten_gbe_kintex/kintex_tge/kintex_tge.srcs/sources_1/bd/design_1/design_1.bd
file delete -force /home/seba/Workspace/projects/ten_gbe_kintex/kintex_tge/kintex_tge.srcs/sources_1/bd/design_1
set_property top fpga [current_fileset]
update_compile_order -fileset sources_1
WARNING: [IP_Flow 19-4067] Ignoring invalid widget type specified checkbox.Providing a default widget
WARNING: [IP_Flow 19-4067] Ignoring invalid widget type specified checkbox.Providing a default widget
Illegal char ',' for base 10
ERROR: [IP_Flow 19-3188] Error occurred while initializing 'dist_mem_gen_0'
Tcl error in validate procedure while setting value '0' on parameter 'default_data'. Illegal char ',' for base 10.

ERROR: [IP_Flow 19-3428] Failed to create Customization object dist_mem_gen_0
CRITICAL WARNING: [IP_Flow 19-973] Failed to create IP instance 'dist_mem_gen_0'. Error during customization.
WARNING: [IP_Flow 19-4067] Ignoring invalid widget type specified checkbox.Providing a default widget
WARNING: [IP_Flow 19-4067] Ignoring invalid widget type specified checkbox.Providing a default widget
exit
INFO: [Common 17-206] Exiting Vivado at Wed Aug  5 17:45:57 2020...
